Using pre-set license
Built from '2021.3/staging' branch; Version is '2021.3.10f1 (1c7d0df0160b) revision 1867021'; Using compiler version '192829333'; Build Type 'Release'
OS: 'Windows 10  (10.0.19044) 64bit Professional' Language: 'ko' Physical Memory: 15659 MB
BatchMode: 1, IsHumanControllingUs: 0, StartBugReporterOnCrash: 0, Is64bit: 1, IsPro: 1

COMMAND LINE ARGUMENTS:
C:\Program Files\Unity\Hub\Editor\2021.3.10f1\Editor\Unity.exe
-adb2
-batchMode
-noUpm
-name
AssetImportWorker4
-projectPath
C:/Users/KGA_28/Desktop/LDH/RM/Team_Left
-logFile
Logs/AssetImportWorker4.log
-srvPort
5812
Successfully changed project path to: C:/Users/KGA_28/Desktop/LDH/RM/Team_Left
C:/Users/KGA_28/Desktop/LDH/RM/Team_Left
[UnityMemory] Configuration Parameters - Can be set up in boot.config
    "memorysetup-bucket-allocator-granularity=16"
    "memorysetup-bucket-allocator-bucket-count=8"
    "memorysetup-bucket-allocator-block-size=33554432"
    "memorysetup-bucket-allocator-block-count=8"
    "memorysetup-main-allocator-block-size=16777216"
    "memorysetup-thread-allocator-block-size=16777216"
    "memorysetup-gfx-main-allocator-block-size=16777216"
    "memorysetup-gfx-thread-allocator-block-size=16777216"
    "memorysetup-cache-allocator-block-size=4194304"
    "memorysetup-typetree-allocator-block-size=2097152"
    "memorysetup-profiler-bucket-allocator-granularity=16"
    "memorysetup-profiler-bucket-allocator-bucket-count=8"
    "memorysetup-profiler-bucket-allocator-block-size=33554432"
    "memorysetup-profiler-bucket-allocator-block-count=8"
    "memorysetup-profiler-allocator-block-size=16777216"
    "memorysetup-profiler-editor-allocator-block-size=1048576"
    "memorysetup-temp-allocator-size-main=16777216"
    "memorysetup-job-temp-allocator-block-size=2097152"
    "memorysetup-job-temp-allocator-block-size-background=1048576"
    "memorysetup-job-temp-allocator-reduction-small-platforms=262144"
    "memorysetup-temp-allocator-size-background-worker=32768"
    "memorysetup-temp-allocator-size-job-worker=262144"
    "memorysetup-temp-allocator-size-preload-manager=33554432"
    "memorysetup-temp-allocator-size-nav-mesh-worker=65536"
    "memorysetup-temp-allocator-size-audio-worker=65536"
    "memorysetup-temp-allocator-size-cloud-worker=32768"
    "memorysetup-temp-allocator-size-gi-baking-worker=262144"
    "memorysetup-temp-allocator-size-gfx=262144"
Refreshing native plugins compatible for Editor in 67.78 ms, found 3 plugins.
Preloading 0 native plugins for Editor in 0.00 ms.
Initialize engine version: 2021.3.10f1 (1c7d0df0160b)
[Subsystems] Discovering subsystems at path C:/Program Files/Unity/Hub/Editor/2021.3.10f1/Editor/Data/Resources/UnitySubsystems
[Subsystems] Discovering subsystems at path C:/Users/KGA_28/Desktop/LDH/RM/Team_Left/Assets
GfxDevice: creating device client; threaded=0; jobified=0
Direct3D:
    Version:  Direct3D 11.0 [level 11.1]
    Renderer: AMD Radeon(TM) Graphics (ID=0x1638)
    Vendor:   ATI
    VRAM:     7829 MB
    Driver:   30.0.13014.8
Initialize mono
Mono path[0] = 'C:/Program Files/Unity/Hub/Editor/2021.3.10f1/Editor/Data/Managed'
Mono path[1] = 'C:/Program Files/Unity/Hub/Editor/2021.3.10f1/Editor/Data/MonoBleedingEdge/lib/mono/unityjit-win32'
Mono config path = 'C:/Program Files/Unity/Hub/Editor/2021.3.10f1/Editor/Data/MonoBleedingEdge/etc'
Using monoOptions --debugger-agent=transport=dt_socket,embedding=1,server=y,suspend=n,address=127.0.0.1:56496
Begin MonoManager ReloadAssembly
Registering precompiled unity dll's ...
Register platform support module: C:/Program Files/Unity/Hub/Editor/2021.3.10f1/Editor/Data/PlaybackEngines/WebGLSupport/UnityEditor.WebGL.Extensions.dll
Register platform support module: C:/Program Files/Unity/Hub/Editor/2021.3.10f1/Editor/Data/PlaybackEngines/AndroidPlayer/UnityEditor.Android.Extensions.dll
Register platform support module: C:/Program Files/Unity/Hub/Editor/2021.3.10f1/Editor/Data/PlaybackEngines/iOSSupport/UnityEditor.iOS.Extensions.dll
Register platform support module: C:/Program Files/Unity/Hub/Editor/2021.3.10f1/Editor/Data/PlaybackEngines/AppleTVSupport/UnityEditor.AppleTV.Extensions.dll
Register platform support module: C:/Program Files/Unity/Hub/Editor/2021.3.10f1/Editor/Data/PlaybackEngines/WindowsStandaloneSupport/UnityEditor.WindowsStandalone.Extensions.dll
Register platform support module: C:/Program Files/Unity/Hub/Editor/2021.3.10f1/Editor/Data/PlaybackEngines/MetroSupport/UnityEditor.UWP.Extensions.dll
Registered in 0.021156 seconds.
Native extension for UWP target not found
Native extension for WindowsStandalone target not found
[usbmuxd] Start listen thread
[usbmuxd] Listen thread started
Native extension for AppleTV target not found
[usbmuxd] Start listen thread
[usbmuxd] Listen thread started
Native extension for iOS target not found
Native extension for Android target not found
Native extension for WebGL target not found
Refreshing native plugins compatible for Editor in 65.44 ms, found 3 plugins.
Preloading 0 native plugins for Editor in 0.00 ms.
Mono: successfully reloaded assembly
- Completed reload, in  0.595 seconds
Domain Reload Profiling:
	ReloadAssembly (596ms)
		BeginReloadAssembly (84ms)
			ExecutionOrderSort (0ms)
			DisableScriptedObjects (0ms)
			BackupInstance (0ms)
			ReleaseScriptingObjects (0ms)
			CreateAndSetChildDomain (1ms)
		EndReloadAssembly (396ms)
			LoadAssemblies (84ms)
			RebuildTransferFunctionScriptingTraits (0ms)
			SetupTypeCache (85ms)
			ReleaseScriptCaches (0ms)
			RebuildScriptCaches (20ms)
			SetupLoadedEditorAssemblies (244ms)
				LogAssemblyErrors (0ms)
				InitializePlatformSupportModulesInManaged (68ms)
				SetLoadedEditorAssemblies (0ms)
				RefreshPlugins (66ms)
				BeforeProcessingInitializeOnLoad (1ms)
				ProcessInitializeOnLoadAttributes (75ms)
				ProcessInitializeOnLoadMethodAttributes (34ms)
				AfterProcessingInitializeOnLoad (0ms)
				EditorAssembliesLoaded (0ms)
			ExecutionOrderSort2 (0ms)
			AwakeInstancesAfterBackupRestoration (0ms)
Platform modules already initialized, skipping
Registering precompiled user dll's ...
Registered in 0.009911 seconds.
Begin MonoManager ReloadAssembly
Symbol file LoadedFromMemory doesn't match image C:\Users\KGA_28\Desktop\LDH\RM\Team_Left\Library\PackageCache\com.unity.visualscripting@1.7.8\Editor\VisualScripting.Core\Dependencies\YamlDotNet\Unity.VisualScripting.YamlDotNet.dll
Symbol file LoadedFromMemory doesn't match image C:\Users\KGA_28\Desktop\LDH\RM\Team_Left\Library\PackageCache\com.unity.visualscripting@1.7.8\Editor\VisualScripting.Core\Dependencies\DotNetZip\Unity.VisualScripting.IonicZip.dll
Native extension for UWP target not found
Native extension for WindowsStandalone target not found
Native extension for AppleTV target not found
Native extension for iOS target not found
Native extension for Android target not found
Native extension for WebGL target not found
Refreshing native plugins compatible for Editor in 0.61 ms, found 3 plugins.
Preloading 0 native plugins for Editor in 0.00 ms.
Mono: successfully reloaded assembly
- Completed reload, in  1.473 seconds
Domain Reload Profiling:
	ReloadAssembly (1474ms)
		BeginReloadAssembly (678ms)
			ExecutionOrderSort (0ms)
			DisableScriptedObjects (5ms)
			BackupInstance (0ms)
			ReleaseScriptingObjects (0ms)
			CreateAndSetChildDomain (577ms)
		EndReloadAssembly (692ms)
			LoadAssemblies (109ms)
			RebuildTransferFunctionScriptingTraits (0ms)
			SetupTypeCache (194ms)
			ReleaseScriptCaches (0ms)
			RebuildScriptCaches (47ms)
			SetupLoadedEditorAssemblies (329ms)
				LogAssemblyErrors (0ms)
				InitializePlatformSupportModulesInManaged (32ms)
				SetLoadedEditorAssemblies (0ms)
				RefreshPlugins (1ms)
				BeforeProcessingInitializeOnLoad (86ms)
				ProcessInitializeOnLoadAttributes (170ms)
				ProcessInitializeOnLoadMethodAttributes (25ms)
				AfterProcessingInitializeOnLoad (15ms)
				EditorAssembliesLoaded (0ms)
			ExecutionOrderSort2 (0ms)
			AwakeInstancesAfterBackupRestoration (6ms)
Platform modules already initialized, skipping
========================================================================
Worker process is ready to serve import requests
Launched and connected shader compiler UnityShaderCompiler.exe after 0.03 seconds
Refreshing native plugins compatible for Editor in 0.59 ms, found 3 plugins.
Preloading 0 native plugins for Editor in 0.00 ms.
Unloading 3388 Unused Serialized files (Serialized files now loaded: 0)
Unloading 27 unused Assets / (113.4 KB). Loaded Objects now: 3848.
Memory consumption went from 121.0 MB to 120.9 MB.
Total: 2.520700 ms (FindLiveObjects: 0.194400 ms CreateObjectMapping: 0.087900 ms MarkObjects: 2.138200 ms  DeleteObjects: 0.099300 ms)

AssetImportParameters requested are different than current active one (requested -> active):
  custom:video-decoder-ogg-theora: a1e56fd34408186e4bbccfd4996cb3dc -> 
  custom:container-muxer-webm: aa71ff27fc2769a1b78a27578f13a17b -> 
  custom:container-demuxer-webm: 4f35f7cbe854078d1ac9338744f61a02 -> 
  custom:video-encoder-webm-vp8: eb34c28f22e8b96e1ab97ce403110664 -> 
  custom:audio-encoder-webm-vorbis: bf7c407c2cedff20999df2af8eb42d56 -> 
  custom:framework-win-MediaFoundation: 216162199b28c13a410421893ffa2e32 -> 
  custom:container-demuxer-ogg: 62fdf1f143b41e24485cea50d1cbac27 -> 
  custom:video-decoder-webm-vp8: 9c59270c3fd7afecdb556c50c9e8de78 -> 
  custom:audio-decoder-ogg-vorbis: bf7c407c2cedff20999df2af8eb42d56 -> 
========================================================================
Received Import Request.
  Time since last request: 117753.269126 seconds.
  path: Assets/02. Prefab/LDH/HpSlider.prefab
  artifactKey: Guid(d7f8d030b61b5134d8a8054007cc8b4e) Importer(815301076,1909f56bfc062723c751e8b465ee728b)
Start importing Assets/02. Prefab/LDH/HpSlider.prefab using Guid(d7f8d030b61b5134d8a8054007cc8b4e) Importer(815301076,1909f56bfc062723c751e8b465ee728b)  -> (artifact id: '806dabb66e1ffceb0b21b8526698ef9a') in 0.055326 seconds 
========================================================================
Received Import Request.
  Time since last request: 1.955077 seconds.
  path: Assets/02. Prefab/LDH/HpSlider.prefab
  artifactKey: Guid(d7f8d030b61b5134d8a8054007cc8b4e) Importer(815301076,1909f56bfc062723c751e8b465ee728b)
Start importing Assets/02. Prefab/LDH/HpSlider.prefab using Guid(d7f8d030b61b5134d8a8054007cc8b4e) Importer(815301076,1909f56bfc062723c751e8b465ee728b)  -> (artifact id: '1d00e8cb820a0c178c6d4aafc73477f0') in 0.009122 seconds 
========================================================================
Received Import Request.
  Time since last request: 0.000043 seconds.
  path: Assets/02. Prefab/LDH/Monster 6.prefab
  artifactKey: Guid(25372252eb1481c4a8891d5acd5d5571) Importer(815301076,1909f56bfc062723c751e8b465ee728b)
Start importing Assets/02. Prefab/LDH/Monster 6.prefab using Guid(25372252eb1481c4a8891d5acd5d5571) Importer(815301076,1909f56bfc062723c751e8b465ee728b)  -> (artifact id: 'b7dc942662454a08997172db16195491') in 0.072111 seconds 
========================================================================
Received Prepare
Registering precompiled user dll's ...
Registered in 0.010529 seconds.
Begin MonoManager ReloadAssembly
Symbol file LoadedFromMemory doesn't match image C:\Users\KGA_28\Desktop\LDH\RM\Team_Left\Library\PackageCache\com.unity.visualscripting@1.7.8\Editor\VisualScripting.Core\Dependencies\YamlDotNet\Unity.VisualScripting.YamlDotNet.dll
Symbol file LoadedFromMemory doesn't match image C:\Users\KGA_28\Desktop\LDH\RM\Team_Left\Library\PackageCache\com.unity.visualscripting@1.7.8\Editor\VisualScripting.Core\Dependencies\DotNetZip\Unity.VisualScripting.IonicZip.dll
Native extension for UWP target not found
Native extension for WindowsStandalone target not found
Native extension for AppleTV target not found
Native extension for iOS target not found
Native extension for Android target not found
Native extension for WebGL target not found
Refreshing native plugins compatible for Editor in 0.99 ms, found 3 plugins.
Preloading 0 native plugins for Editor in 0.00 ms.
Mono: successfully reloaded assembly
- Completed reload, in  1.090 seconds
Domain Reload Profiling:
	ReloadAssembly (1091ms)
		BeginReloadAssembly (161ms)
			ExecutionOrderSort (0ms)
			DisableScriptedObjects (4ms)
			BackupInstance (0ms)
			ReleaseScriptingObjects (0ms)
			CreateAndSetChildDomain (34ms)
		EndReloadAssembly (821ms)
			LoadAssemblies (141ms)
			RebuildTransferFunctionScriptingTraits (0ms)
			SetupTypeCache (255ms)
			ReleaseScriptCaches (2ms)
			RebuildScriptCaches (38ms)
			SetupLoadedEditorAssemblies (358ms)
				LogAssemblyErrors (0ms)
				InitializePlatformSupportModulesInManaged (49ms)
				SetLoadedEditorAssemblies (0ms)
				RefreshPlugins (1ms)
				BeforeProcessingInitializeOnLoad (80ms)
				ProcessInitializeOnLoadAttributes (185ms)
				ProcessInitializeOnLoadMethodAttributes (27ms)
				AfterProcessingInitializeOnLoad (17ms)
				EditorAssembliesLoaded (0ms)
			ExecutionOrderSort2 (0ms)
			AwakeInstancesAfterBackupRestoration (8ms)
Platform modules already initialized, skipping
Refreshing native plugins compatible for Editor in 2.20 ms, found 3 plugins.
Preloading 0 native plugins for Editor in 0.00 ms.
Unloading 3383 Unused Serialized files (Serialized files now loaded: 0)
Unloading 20 unused Assets / (79.8 KB). Loaded Objects now: 3860.
Memory consumption went from 125.4 MB to 125.3 MB.
Total: 2.338300 ms (FindLiveObjects: 0.200900 ms CreateObjectMapping: 0.067600 ms MarkObjects: 2.000900 ms  DeleteObjects: 0.068200 ms)

AssetImportParameters requested are different than current active one (requested -> active):
  custom:video-decoder-ogg-theora: a1e56fd34408186e4bbccfd4996cb3dc -> 
  custom:container-muxer-webm: aa71ff27fc2769a1b78a27578f13a17b -> 
  custom:container-demuxer-webm: 4f35f7cbe854078d1ac9338744f61a02 -> 
  custom:video-encoder-webm-vp8: eb34c28f22e8b96e1ab97ce403110664 -> 
  custom:audio-encoder-webm-vorbis: bf7c407c2cedff20999df2af8eb42d56 -> 
  custom:framework-win-MediaFoundation: 216162199b28c13a410421893ffa2e32 -> 
  custom:container-demuxer-ogg: 62fdf1f143b41e24485cea50d1cbac27 -> 
  custom:video-decoder-webm-vp8: 9c59270c3fd7afecdb556c50c9e8de78 -> 
  custom:audio-decoder-ogg-vorbis: bf7c407c2cedff20999df2af8eb42d56 -> 
========================================================================
Received Prepare
Registering precompiled user dll's ...
Registered in 0.009692 seconds.
Begin MonoManager ReloadAssembly
Symbol file LoadedFromMemory doesn't match image C:\Users\KGA_28\Desktop\LDH\RM\Team_Left\Library\PackageCache\com.unity.visualscripting@1.7.8\Editor\VisualScripting.Core\Dependencies\YamlDotNet\Unity.VisualScripting.YamlDotNet.dll
Symbol file LoadedFromMemory doesn't match image C:\Users\KGA_28\Desktop\LDH\RM\Team_Left\Library\PackageCache\com.unity.visualscripting@1.7.8\Editor\VisualScripting.Core\Dependencies\DotNetZip\Unity.VisualScripting.IonicZip.dll
Native extension for UWP target not found
Native extension for WindowsStandalone target not found
Native extension for AppleTV target not found
Native extension for iOS target not found
Native extension for Android target not found
Native extension for WebGL target not found
Refreshing native plugins compatible for Editor in 0.73 ms, found 3 plugins.
Preloading 0 native plugins for Editor in 0.00 ms.
Mono: successfully reloaded assembly
- Completed reload, in  1.091 seconds
Domain Reload Profiling:
	ReloadAssembly (1092ms)
		BeginReloadAssembly (170ms)
			ExecutionOrderSort (0ms)
			DisableScriptedObjects (6ms)
			BackupInstance (0ms)
			ReleaseScriptingObjects (0ms)
			CreateAndSetChildDomain (39ms)
		EndReloadAssembly (809ms)
			LoadAssemblies (138ms)
			RebuildTransferFunctionScriptingTraits (0ms)
			SetupTypeCache (262ms)
			ReleaseScriptCaches (2ms)
			RebuildScriptCaches (38ms)
			SetupLoadedEditorAssemblies (352ms)
				LogAssemblyErrors (0ms)
				InitializePlatformSupportModulesInManaged (48ms)
				SetLoadedEditorAssemblies (0ms)
				RefreshPlugins (1ms)
				BeforeProcessingInitializeOnLoad (81ms)
				ProcessInitializeOnLoadAttributes (180ms)
				ProcessInitializeOnLoadMethodAttributes (26ms)
				AfterProcessingInitializeOnLoad (16ms)
				EditorAssembliesLoaded (0ms)
			ExecutionOrderSort2 (0ms)
			AwakeInstancesAfterBackupRestoration (7ms)
Platform modules already initialized, skipping
Refreshing native plugins compatible for Editor in 2.82 ms, found 3 plugins.
Preloading 0 native plugins for Editor in 0.00 ms.
Unloading 3383 Unused Serialized files (Serialized files now loaded: 0)
Unloading 20 unused Assets / (79.8 KB). Loaded Objects now: 3863.
Memory consumption went from 125.4 MB to 125.3 MB.
Total: 3.273800 ms (FindLiveObjects: 0.456100 ms CreateObjectMapping: 0.109100 ms MarkObjects: 2.615500 ms  DeleteObjects: 0.091700 ms)

AssetImportParameters requested are different than current active one (requested -> active):
  custom:video-decoder-ogg-theora: a1e56fd34408186e4bbccfd4996cb3dc -> 
  custom:container-muxer-webm: aa71ff27fc2769a1b78a27578f13a17b -> 
  custom:container-demuxer-webm: 4f35f7cbe854078d1ac9338744f61a02 -> 
  custom:video-encoder-webm-vp8: eb34c28f22e8b96e1ab97ce403110664 -> 
  custom:audio-encoder-webm-vorbis: bf7c407c2cedff20999df2af8eb42d56 -> 
  custom:framework-win-MediaFoundation: 216162199b28c13a410421893ffa2e32 -> 
  custom:container-demuxer-ogg: 62fdf1f143b41e24485cea50d1cbac27 -> 
  custom:video-decoder-webm-vp8: 9c59270c3fd7afecdb556c50c9e8de78 -> 
  custom:audio-decoder-ogg-vorbis: bf7c407c2cedff20999df2af8eb42d56 -> 
========================================================================
Received Import Request.
  Time since last request: 32.282033 seconds.
  path: Assets/02. Prefab/LDH/Monster 2.prefab
  artifactKey: Guid(aa2c3c53a24c1c74990c9b0160aea813) Importer(815301076,1909f56bfc062723c751e8b465ee728b)
Start importing Assets/02. Prefab/LDH/Monster 2.prefab using Guid(aa2c3c53a24c1c74990c9b0160aea813) Importer(815301076,1909f56bfc062723c751e8b465ee728b)  -> (artifact id: '21523a56cea31b41be2199d4601ea605') in 0.071221 seconds 
========================================================================
Received Import Request.
  Time since last request: 4.945861 seconds.
  path: Assets/02. Prefab/LDH/Monster 2.prefab
  artifactKey: Guid(aa2c3c53a24c1c74990c9b0160aea813) Importer(815301076,1909f56bfc062723c751e8b465ee728b)
Start importing Assets/02. Prefab/LDH/Monster 2.prefab using Guid(aa2c3c53a24c1c74990c9b0160aea813) Importer(815301076,1909f56bfc062723c751e8b465ee728b)  -> (artifact id: '342a8e6c4dda556668840ada821a1ebd') in 0.016443 seconds 
========================================================================
Received Prepare
Registering precompiled user dll's ...
Registered in 0.008640 seconds.
Begin MonoManager ReloadAssembly
Symbol file LoadedFromMemory doesn't match image C:\Users\KGA_28\Desktop\LDH\RM\Team_Left\Library\PackageCache\com.unity.visualscripting@1.7.8\Editor\VisualScripting.Core\Dependencies\YamlDotNet\Unity.VisualScripting.YamlDotNet.dll
Symbol file LoadedFromMemory doesn't match image C:\Users\KGA_28\Desktop\LDH\RM\Team_Left\Library\PackageCache\com.unity.visualscripting@1.7.8\Editor\VisualScripting.Core\Dependencies\DotNetZip\Unity.VisualScripting.IonicZip.dll
Native extension for UWP target not found
Native extension for WindowsStandalone target not found
Native extension for AppleTV target not found
Native extension for iOS target not found
Native extension for Android target not found
Native extension for WebGL target not found
Refreshing native plugins compatible for Editor in 0.56 ms, found 3 plugins.
Preloading 0 native plugins for Editor in 0.00 ms.
Mono: successfully reloaded assembly
- Completed reload, in  1.076 seconds
Domain Reload Profiling:
	ReloadAssembly (1077ms)
		BeginReloadAssembly (159ms)
			ExecutionOrderSort (0ms)
			DisableScriptedObjects (4ms)
			BackupInstance (0ms)
			ReleaseScriptingObjects (0ms)
			CreateAndSetChildDomain (37ms)
		EndReloadAssembly (807ms)
			LoadAssemblies (136ms)
			RebuildTransferFunctionScriptingTraits (0ms)
			SetupTypeCache (251ms)
			ReleaseScriptCaches (2ms)
			RebuildScriptCaches (38ms)
			SetupLoadedEditorAssemblies (355ms)
				LogAssemblyErrors (0ms)
				InitializePlatformSupportModulesInManaged (47ms)
				SetLoadedEditorAssemblies (0ms)
				RefreshPlugins (1ms)
				BeforeProcessingInitializeOnLoad (79ms)
				ProcessInitializeOnLoadAttributes (181ms)
				ProcessInitializeOnLoadMethodAttributes (26ms)
				AfterProcessingInitializeOnLoad (20ms)
				EditorAssembliesLoaded (0ms)
			ExecutionOrderSort2 (0ms)
			AwakeInstancesAfterBackupRestoration (7ms)
Platform modules already initialized, skipping
Refreshing native plugins compatible for Editor in 3.15 ms, found 3 plugins.
Preloading 0 native plugins for Editor in 0.00 ms.
Unloading 3383 Unused Serialized files (Serialized files now loaded: 0)
Unloading 20 unused Assets / (79.9 KB). Loaded Objects now: 3866.
Memory consumption went from 125.4 MB to 125.3 MB.
Total: 3.424900 ms (FindLiveObjects: 0.262200 ms CreateObjectMapping: 0.096100 ms MarkObjects: 2.970300 ms  DeleteObjects: 0.095000 ms)

AssetImportParameters requested are different than current active one (requested -> active):
  custom:video-decoder-ogg-theora: a1e56fd34408186e4bbccfd4996cb3dc -> 
  custom:container-muxer-webm: aa71ff27fc2769a1b78a27578f13a17b -> 
  custom:container-demuxer-webm: 4f35f7cbe854078d1ac9338744f61a02 -> 
  custom:video-encoder-webm-vp8: eb34c28f22e8b96e1ab97ce403110664 -> 
  custom:audio-encoder-webm-vorbis: bf7c407c2cedff20999df2af8eb42d56 -> 
  custom:framework-win-MediaFoundation: 216162199b28c13a410421893ffa2e32 -> 
  custom:container-demuxer-ogg: 62fdf1f143b41e24485cea50d1cbac27 -> 
  custom:video-decoder-webm-vp8: 9c59270c3fd7afecdb556c50c9e8de78 -> 
  custom:audio-decoder-ogg-vorbis: bf7c407c2cedff20999df2af8eb42d56 -> 
========================================================================
Received Import Request.
  Time since last request: 76.381237 seconds.
  path: Assets/02. Prefab/LDH/HpSlider.prefab
  artifactKey: Guid(d7f8d030b61b5134d8a8054007cc8b4e) Importer(815301076,1909f56bfc062723c751e8b465ee728b)
Start importing Assets/02. Prefab/LDH/HpSlider.prefab using Guid(d7f8d030b61b5134d8a8054007cc8b4e) Importer(815301076,1909f56bfc062723c751e8b465ee728b)  -> (artifact id: 'e63a09d1beff1fc693022acbe53ea1fa') in 0.032479 seconds 
========================================================================
Received Import Request.
  Time since last request: 0.000021 seconds.
  path: Assets/02. Prefab/LDH/Monster 6.prefab
  artifactKey: Guid(25372252eb1481c4a8891d5acd5d5571) Importer(815301076,1909f56bfc062723c751e8b465ee728b)
Start importing Assets/02. Prefab/LDH/Monster 6.prefab using Guid(25372252eb1481c4a8891d5acd5d5571) Importer(815301076,1909f56bfc062723c751e8b465ee728b)  -> (artifact id: '9259207083749059f14b6b092e180131') in 0.053162 seconds 
========================================================================
Received Import Request.
  Time since last request: 0.000021 seconds.
  path: Assets/02. Prefab/LDH/Monster 3.prefab
  artifactKey: Guid(b970409819e07cc41a74d816ead46d42) Importer(815301076,1909f56bfc062723c751e8b465ee728b)
Start importing Assets/02. Prefab/LDH/Monster 3.prefab using Guid(b970409819e07cc41a74d816ead46d42) Importer(815301076,1909f56bfc062723c751e8b465ee728b)  -> (artifact id: '564013df9a3da2c244377691bc3e6815') in 0.018956 seconds 
========================================================================
Received Import Request.
  Time since last request: 4.705628 seconds.
  path: Assets/02. Prefab/LDH/Monster 1.prefab
  artifactKey: Guid(eea7b2eb53286a54ab4e4fa170d77470) Importer(815301076,1909f56bfc062723c751e8b465ee728b)
Start importing Assets/02. Prefab/LDH/Monster 1.prefab using Guid(eea7b2eb53286a54ab4e4fa170d77470) Importer(815301076,1909f56bfc062723c751e8b465ee728b)  -> (artifact id: 'e0dd8bfbd18cde45fbc446d5a687958a') in 0.011697 seconds 
========================================================================
Received Import Request.
  Time since last request: 0.000067 seconds.
  path: Assets/02. Prefab/LDH/Monster 6.prefab
  artifactKey: Guid(25372252eb1481c4a8891d5acd5d5571) Importer(815301076,1909f56bfc062723c751e8b465ee728b)
Start importing Assets/02. Prefab/LDH/Monster 6.prefab using Guid(25372252eb1481c4a8891d5acd5d5571) Importer(815301076,1909f56bfc062723c751e8b465ee728b)  -> (artifact id: 'f536d88f4487cf1b32ff190bcfd6dfb5') in 0.012275 seconds 
========================================================================
Received Import Request.
  Time since last request: 0.000016 seconds.
  path: Assets/02. Prefab/LDH/Monster 4.prefab
  artifactKey: Guid(f61abc9a040b4ab4e9cc258f7c93ee40) Importer(815301076,1909f56bfc062723c751e8b465ee728b)
Start importing Assets/02. Prefab/LDH/Monster 4.prefab using Guid(f61abc9a040b4ab4e9cc258f7c93ee40) Importer(815301076,1909f56bfc062723c751e8b465ee728b)  -> (artifact id: '1a5e8b1486396a05bba8d030354a71bd') in 0.011072 seconds 
========================================================================
Received Import Request.
  Time since last request: 1.914373 seconds.
  path: Assets/02. Prefab/LDH/HpSlider.prefab
  artifactKey: Guid(d7f8d030b61b5134d8a8054007cc8b4e) Importer(815301076,1909f56bfc062723c751e8b465ee728b)
Start importing Assets/02. Prefab/LDH/HpSlider.prefab using Guid(d7f8d030b61b5134d8a8054007cc8b4e) Importer(815301076,1909f56bfc062723c751e8b465ee728b)  -> (artifact id: 'cd1e51a4029aceb519f737a4a46681ec') in 0.005493 seconds 
========================================================================
Received Import Request.
  Time since last request: 0.007011 seconds.
  path: Assets/02. Prefab/LDH/Monster 1.prefab
  artifactKey: Guid(eea7b2eb53286a54ab4e4fa170d77470) Importer(815301076,1909f56bfc062723c751e8b465ee728b)
Start importing Assets/02. Prefab/LDH/Monster 1.prefab using Guid(eea7b2eb53286a54ab4e4fa170d77470) Importer(815301076,1909f56bfc062723c751e8b465ee728b)  -> (artifact id: 'c68c9c1d885decca0fe0739c44da5826') in 0.019717 seconds 
========================================================================
Received Import Request.
  Time since last request: 0.000015 seconds.
  path: Assets/02. Prefab/LDH/Monster 5.prefab
  artifactKey: Guid(02d5458426f9cec4787e009fe694fa7e) Importer(815301076,1909f56bfc062723c751e8b465ee728b)
Start importing Assets/02. Prefab/LDH/Monster 5.prefab using Guid(02d5458426f9cec4787e009fe694fa7e) Importer(815301076,1909f56bfc062723c751e8b465ee728b)  -> (artifact id: '5ec783ed48bb1be8b27e2d29c29dbca3') in 0.018579 seconds 
========================================================================
Received Import Request.
  Time since last request: 0.092929 seconds.
  path: Assets/02. Prefab/LDH/Monster 1.prefab
  artifactKey: Guid(eea7b2eb53286a54ab4e4fa170d77470) Importer(815301076,1909f56bfc062723c751e8b465ee728b)
Start importing Assets/02. Prefab/LDH/Monster 1.prefab using Guid(eea7b2eb53286a54ab4e4fa170d77470) Importer(815301076,1909f56bfc062723c751e8b465ee728b)  -> (artifact id: 'df2b8670ff0037526a0a6352b8fafacb') in 0.013138 seconds 
========================================================================
Received Import Request.
  Time since last request: 6.025091 seconds.
  path: Assets/02. Prefab/LDH/Monster 2.prefab
  artifactKey: Guid(aa2c3c53a24c1c74990c9b0160aea813) Importer(815301076,1909f56bfc062723c751e8b465ee728b)
Start importing Assets/02. Prefab/LDH/Monster 2.prefab using Guid(aa2c3c53a24c1c74990c9b0160aea813) Importer(815301076,1909f56bfc062723c751e8b465ee728b)  -> (artifact id: '37d3b260cc8a299016389b217f72f4c2') in 0.015841 seconds 
========================================================================
Received Import Request.
  Time since last request: 1.611297 seconds.
  path: Assets/02. Prefab/LDH/Monster 3.prefab
  artifactKey: Guid(b970409819e07cc41a74d816ead46d42) Importer(815301076,1909f56bfc062723c751e8b465ee728b)
Start importing Assets/02. Prefab/LDH/Monster 3.prefab using Guid(b970409819e07cc41a74d816ead46d42) Importer(815301076,1909f56bfc062723c751e8b465ee728b)  -> (artifact id: '10b92fc922ac90aedba91a1ba27a96f7') in 0.014213 seconds 
========================================================================
Received Import Request.
  Time since last request: 1.593629 seconds.
  path: Assets/02. Prefab/LDH/Monster 4.prefab
  artifactKey: Guid(f61abc9a040b4ab4e9cc258f7c93ee40) Importer(815301076,1909f56bfc062723c751e8b465ee728b)
Start importing Assets/02. Prefab/LDH/Monster 4.prefab using Guid(f61abc9a040b4ab4e9cc258f7c93ee40) Importer(815301076,1909f56bfc062723c751e8b465ee728b)  -> (artifact id: 'df66e4fdd2fb9670c7ce1c28d2b10f35') in 0.014214 seconds 
========================================================================
Received Import Request.
  Time since last request: 1.826966 seconds.
  path: Assets/02. Prefab/LDH/Monster 5.prefab
  artifactKey: Guid(02d5458426f9cec4787e009fe694fa7e) Importer(815301076,1909f56bfc062723c751e8b465ee728b)
Start importing Assets/02. Prefab/LDH/Monster 5.prefab using Guid(02d5458426f9cec4787e009fe694fa7e) Importer(815301076,1909f56bfc062723c751e8b465ee728b)  -> (artifact id: 'eafaf7ed43ad12f66110908939fbde1f') in 0.015878 seconds 
========================================================================
Received Import Request.
  Time since last request: 1.583601 seconds.
  path: Assets/02. Prefab/LDH/Monster 6.prefab
  artifactKey: Guid(25372252eb1481c4a8891d5acd5d5571) Importer(815301076,1909f56bfc062723c751e8b465ee728b)
Start importing Assets/02. Prefab/LDH/Monster 6.prefab using Guid(25372252eb1481c4a8891d5acd5d5571) Importer(815301076,1909f56bfc062723c751e8b465ee728b)  -> (artifact id: '8f287dce8a8ce9c00bd194787f5a8522') in 0.010880 seconds 
========================================================================
Received Import Request.
  Time since last request: 1.632085 seconds.
  path: Assets/02. Prefab/LDH/Monster 2.prefab
  artifactKey: Guid(aa2c3c53a24c1c74990c9b0160aea813) Importer(815301076,1909f56bfc062723c751e8b465ee728b)
Start importing Assets/02. Prefab/LDH/Monster 2.prefab using Guid(aa2c3c53a24c1c74990c9b0160aea813) Importer(815301076,1909f56bfc062723c751e8b465ee728b)  -> (artifact id: '7bda4efb395da9807c0cae5232649b34') in 0.015145 seconds 
========================================================================
Received Import Request.
  Time since last request: 4.253797 seconds.
  path: Assets/02. Prefab/LDH/Monster 2.prefab
  artifactKey: Guid(aa2c3c53a24c1c74990c9b0160aea813) Importer(815301076,1909f56bfc062723c751e8b465ee728b)
Start importing Assets/02. Prefab/LDH/Monster 2.prefab using Guid(aa2c3c53a24c1c74990c9b0160aea813) Importer(815301076,1909f56bfc062723c751e8b465ee728b)  -> (artifact id: '9cabc913bd1148c5d9f2a1e08ffc9620') in 0.015108 seconds 
========================================================================
Received Import Request.
  Time since last request: 1.806257 seconds.
  path: Assets/02. Prefab/LDH/Monster 3.prefab
  artifactKey: Guid(b970409819e07cc41a74d816ead46d42) Importer(815301076,1909f56bfc062723c751e8b465ee728b)
Start importing Assets/02. Prefab/LDH/Monster 3.prefab using Guid(b970409819e07cc41a74d816ead46d42) Importer(815301076,1909f56bfc062723c751e8b465ee728b)  -> (artifact id: 'f18f586b4242cf0d05543c8123ee9f3d') in 0.011753 seconds 
========================================================================
Received Import Request.
  Time since last request: 6.425199 seconds.
  path: Assets/02. Prefab/LDH/Monster 3.prefab
  artifactKey: Guid(b970409819e07cc41a74d816ead46d42) Importer(815301076,1909f56bfc062723c751e8b465ee728b)
Start importing Assets/02. Prefab/LDH/Monster 3.prefab using Guid(b970409819e07cc41a74d816ead46d42) Importer(815301076,1909f56bfc062723c751e8b465ee728b)  -> (artifact id: '5ddcdc56d2864d4b2131754ea87be087') in 0.012637 seconds 
========================================================================
Received Import Request.
  Time since last request: 2.224155 seconds.
  path: Assets/02. Prefab/LDH/Monster 4.prefab
  artifactKey: Guid(f61abc9a040b4ab4e9cc258f7c93ee40) Importer(815301076,1909f56bfc062723c751e8b465ee728b)
Start importing Assets/02. Prefab/LDH/Monster 4.prefab using Guid(f61abc9a040b4ab4e9cc258f7c93ee40) Importer(815301076,1909f56bfc062723c751e8b465ee728b)  -> (artifact id: '74a5a20b67e155b823673398c992e239') in 0.015735 seconds 
========================================================================
Received Import Request.
  Time since last request: 3.025337 seconds.
  path: Assets/02. Prefab/LDH/Monster 4.prefab
  artifactKey: Guid(f61abc9a040b4ab4e9cc258f7c93ee40) Importer(815301076,1909f56bfc062723c751e8b465ee728b)
Start importing Assets/02. Prefab/LDH/Monster 4.prefab using Guid(f61abc9a040b4ab4e9cc258f7c93ee40) Importer(815301076,1909f56bfc062723c751e8b465ee728b)  -> (artifact id: 'bddcaf46a9c672aeb0bd37824e44c2e9') in 0.016708 seconds 
========================================================================
Received Import Request.
  Time since last request: 2.204955 seconds.
  path: Assets/02. Prefab/LDH/Monster 5.prefab
  artifactKey: Guid(02d5458426f9cec4787e009fe694fa7e) Importer(815301076,1909f56bfc062723c751e8b465ee728b)
Start importing Assets/02. Prefab/LDH/Monster 5.prefab using Guid(02d5458426f9cec4787e009fe694fa7e) Importer(815301076,1909f56bfc062723c751e8b465ee728b)  -> (artifact id: 'eb288be270cc7f9acd9cfd11ba8de823') in 0.012167 seconds 
========================================================================
Received Import Request.
  Time since last request: 4.289678 seconds.
  path: Assets/02. Prefab/LDH/Monster 5.prefab
  artifactKey: Guid(02d5458426f9cec4787e009fe694fa7e) Importer(815301076,1909f56bfc062723c751e8b465ee728b)
Start importing Assets/02. Prefab/LDH/Monster 5.prefab using Guid(02d5458426f9cec4787e009fe694fa7e) Importer(815301076,1909f56bfc062723c751e8b465ee728b)  -> (artifact id: '13e5fea60157f88f79c2d4ce8c2ad136') in 0.016834 seconds 
========================================================================
Received Import Request.
  Time since last request: 2.401689 seconds.
  path: Assets/02. Prefab/LDH/Monster 6.prefab
  artifactKey: Guid(25372252eb1481c4a8891d5acd5d5571) Importer(815301076,1909f56bfc062723c751e8b465ee728b)
Start importing Assets/02. Prefab/LDH/Monster 6.prefab using Guid(25372252eb1481c4a8891d5acd5d5571) Importer(815301076,1909f56bfc062723c751e8b465ee728b)  -> (artifact id: '111d36ee90125cd2248f2c46a3edb06d') in 0.014752 seconds 
========================================================================
Received Import Request.
  Time since last request: 2.685982 seconds.
  path: Assets/02. Prefab/LDH/Monster 6.prefab
  artifactKey: Guid(25372252eb1481c4a8891d5acd5d5571) Importer(815301076,1909f56bfc062723c751e8b465ee728b)
Start importing Assets/02. Prefab/LDH/Monster 6.prefab using Guid(25372252eb1481c4a8891d5acd5d5571) Importer(815301076,1909f56bfc062723c751e8b465ee728b)  -> (artifact id: '23d03ef42ebd4e7a2e66f395674403e3') in 0.015751 seconds 
========================================================================
Received Prepare
Registering precompiled user dll's ...
Registered in 0.009631 seconds.
Begin MonoManager ReloadAssembly
Symbol file LoadedFromMemory doesn't match image C:\Users\KGA_28\Desktop\LDH\RM\Team_Left\Library\PackageCache\com.unity.visualscripting@1.7.8\Editor\VisualScripting.Core\Dependencies\YamlDotNet\Unity.VisualScripting.YamlDotNet.dll
Symbol file LoadedFromMemory doesn't match image C:\Users\KGA_28\Desktop\LDH\RM\Team_Left\Library\PackageCache\com.unity.visualscripting@1.7.8\Editor\VisualScripting.Core\Dependencies\DotNetZip\Unity.VisualScripting.IonicZip.dll
Native extension for UWP target not found
Native extension for WindowsStandalone target not found
Native extension for AppleTV target not found
Native extension for iOS target not found
Native extension for Android target not found
Native extension for WebGL target not found
Refreshing native plugins compatible for Editor in 1.06 ms, found 3 plugins.
Preloading 0 native plugins for Editor in 0.00 ms.
Mono: successfully reloaded assembly
- Completed reload, in  1.090 seconds
Domain Reload Profiling:
	ReloadAssembly (1091ms)
		BeginReloadAssembly (182ms)
			ExecutionOrderSort (0ms)
			DisableScriptedObjects (4ms)
			BackupInstance (0ms)
			ReleaseScriptingObjects (0ms)
			CreateAndSetChildDomain (46ms)
		EndReloadAssembly (800ms)
			LoadAssemblies (150ms)
			RebuildTransferFunctionScriptingTraits (0ms)
			SetupTypeCache (247ms)
			ReleaseScriptCaches (2ms)
			RebuildScriptCaches (41ms)
			SetupLoadedEditorAssemblies (349ms)
				LogAssemblyErrors (0ms)
				InitializePlatformSupportModulesInManaged (46ms)
				SetLoadedEditorAssemblies (1ms)
				RefreshPlugins (1ms)
				BeforeProcessingInitializeOnLoad (77ms)
				ProcessInitializeOnLoadAttributes (182ms)
				ProcessInitializeOnLoadMethodAttributes (27ms)
				AfterProcessingInitializeOnLoad (16ms)
				EditorAssembliesLoaded (0ms)
			ExecutionOrderSort2 (0ms)
			AwakeInstancesAfterBackupRestoration (6ms)
Platform modules already initialized, skipping
Refreshing native plugins compatible for Editor in 2.67 ms, found 3 plugins.
Preloading 0 native plugins for Editor in 0.00 ms.
Unloading 3383 Unused Serialized files (Serialized files now loaded: 0)
Unloading 20 unused Assets / (79.9 KB). Loaded Objects now: 3869.
Memory consumption went from 125.4 MB to 125.4 MB.
Total: 4.254000 ms (FindLiveObjects: 0.737200 ms CreateObjectMapping: 0.082300 ms MarkObjects: 3.186000 ms  DeleteObjects: 0.246200 ms)

AssetImportParameters requested are different than current active one (requested -> active):
  custom:video-decoder-ogg-theora: a1e56fd34408186e4bbccfd4996cb3dc -> 
  custom:container-muxer-webm: aa71ff27fc2769a1b78a27578f13a17b -> 
  custom:container-demuxer-webm: 4f35f7cbe854078d1ac9338744f61a02 -> 
  custom:video-encoder-webm-vp8: eb34c28f22e8b96e1ab97ce403110664 -> 
  custom:audio-encoder-webm-vorbis: bf7c407c2cedff20999df2af8eb42d56 -> 
  custom:framework-win-MediaFoundation: 216162199b28c13a410421893ffa2e32 -> 
  custom:container-demuxer-ogg: 62fdf1f143b41e24485cea50d1cbac27 -> 
  custom:video-decoder-webm-vp8: 9c59270c3fd7afecdb556c50c9e8de78 -> 
  custom:audio-decoder-ogg-vorbis: bf7c407c2cedff20999df2af8eb42d56 -> 
========================================================================
Received Prepare
Registering precompiled user dll's ...
Registered in 0.009663 seconds.
Begin MonoManager ReloadAssembly
Symbol file LoadedFromMemory doesn't match image C:\Users\KGA_28\Desktop\LDH\RM\Team_Left\Library\PackageCache\com.unity.visualscripting@1.7.8\Editor\VisualScripting.Core\Dependencies\YamlDotNet\Unity.VisualScripting.YamlDotNet.dll
Symbol file LoadedFromMemory doesn't match image C:\Users\KGA_28\Desktop\LDH\RM\Team_Left\Library\PackageCache\com.unity.visualscripting@1.7.8\Editor\VisualScripting.Core\Dependencies\DotNetZip\Unity.VisualScripting.IonicZip.dll
Native extension for UWP target not found
Native extension for WindowsStandalone target not found
Native extension for AppleTV target not found
Native extension for iOS target not found
Native extension for Android target not found
Native extension for WebGL target not found
Refreshing native plugins compatible for Editor in 0.93 ms, found 3 plugins.
Preloading 0 native plugins for Editor in 0.00 ms.
Mono: successfully reloaded assembly
- Completed reload, in  1.046 seconds
Domain Reload Profiling:
	ReloadAssembly (1046ms)
		BeginReloadAssembly (165ms)
			ExecutionOrderSort (0ms)
			DisableScriptedObjects (4ms)
			BackupInstance (0ms)
			ReleaseScriptingObjects (0ms)
			CreateAndSetChildDomain (35ms)
		EndReloadAssembly (777ms)
			LoadAssemblies (140ms)
			RebuildTransferFunctionScriptingTraits (0ms)
			SetupTypeCache (240ms)
			ReleaseScriptCaches (1ms)
			RebuildScriptCaches (37ms)
			SetupLoadedEditorAssemblies (349ms)
				LogAssemblyErrors (0ms)
				InitializePlatformSupportModulesInManaged (46ms)
				SetLoadedEditorAssemblies (0ms)
				RefreshPlugins (1ms)
				BeforeProcessingInitializeOnLoad (80ms)
				ProcessInitializeOnLoadAttributes (175ms)
				ProcessInitializeOnLoadMethodAttributes (30ms)
				AfterProcessingInitializeOnLoad (16ms)
				EditorAssembliesLoaded (0ms)
			ExecutionOrderSort2 (0ms)
			AwakeInstancesAfterBackupRestoration (7ms)
Platform modules already initialized, skipping
Refreshing native plugins compatible for Editor in 2.95 ms, found 3 plugins.
Preloading 0 native plugins for Editor in 0.00 ms.
Unloading 3383 Unused Serialized files (Serialized files now loaded: 0)
Unloading 20 unused Assets / (79.9 KB). Loaded Objects now: 3872.
Memory consumption went from 125.4 MB to 125.4 MB.
Total: 3.657700 ms (FindLiveObjects: 0.863900 ms CreateObjectMapping: 0.185500 ms MarkObjects: 2.419100 ms  DeleteObjects: 0.186700 ms)

AssetImportParameters requested are different than current active one (requested -> active):
  custom:video-decoder-ogg-theora: a1e56fd34408186e4bbccfd4996cb3dc -> 
  custom:container-muxer-webm: aa71ff27fc2769a1b78a27578f13a17b -> 
  custom:container-demuxer-webm: 4f35f7cbe854078d1ac9338744f61a02 -> 
  custom:video-encoder-webm-vp8: eb34c28f22e8b96e1ab97ce403110664 -> 
  custom:audio-encoder-webm-vorbis: bf7c407c2cedff20999df2af8eb42d56 -> 
  custom:framework-win-MediaFoundation: 216162199b28c13a410421893ffa2e32 -> 
  custom:container-demuxer-ogg: 62fdf1f143b41e24485cea50d1cbac27 -> 
  custom:video-decoder-webm-vp8: 9c59270c3fd7afecdb556c50c9e8de78 -> 
  custom:audio-decoder-ogg-vorbis: bf7c407c2cedff20999df2af8eb42d56 -> 
========================================================================
Received Prepare
Registering precompiled user dll's ...
Registered in 0.009359 seconds.
Begin MonoManager ReloadAssembly
Symbol file LoadedFromMemory doesn't match image C:\Users\KGA_28\Desktop\LDH\RM\Team_Left\Library\PackageCache\com.unity.visualscripting@1.7.8\Editor\VisualScripting.Core\Dependencies\YamlDotNet\Unity.VisualScripting.YamlDotNet.dll
Symbol file LoadedFromMemory doesn't match image C:\Users\KGA_28\Desktop\LDH\RM\Team_Left\Library\PackageCache\com.unity.visualscripting@1.7.8\Editor\VisualScripting.Core\Dependencies\DotNetZip\Unity.VisualScripting.IonicZip.dll
Native extension for UWP target not found
Native extension for WindowsStandalone target not found
Native extension for AppleTV target not found
Native extension for iOS target not found
Native extension for Android target not found
Native extension for WebGL target not found
Refreshing native plugins compatible for Editor in 0.63 ms, found 3 plugins.
Preloading 0 native plugins for Editor in 0.00 ms.
Mono: successfully reloaded assembly
- Completed reload, in  1.052 seconds
Domain Reload Profiling:
	ReloadAssembly (1052ms)
		BeginReloadAssembly (172ms)
			ExecutionOrderSort (0ms)
			DisableScriptedObjects (5ms)
			BackupInstance (0ms)
			ReleaseScriptingObjects (0ms)
			CreateAndSetChildDomain (45ms)
		EndReloadAssembly (776ms)
			LoadAssemblies (137ms)
			RebuildTransferFunctionScriptingTraits (0ms)
			SetupTypeCache (239ms)
			ReleaseScriptCaches (2ms)
			RebuildScriptCaches (36ms)
			SetupLoadedEditorAssemblies (348ms)
				LogAssemblyErrors (0ms)
				InitializePlatformSupportModulesInManaged (48ms)
				SetLoadedEditorAssemblies (0ms)
				RefreshPlugins (1ms)
				BeforeProcessingInitializeOnLoad (82ms)
				ProcessInitializeOnLoadAttributes (175ms)
				ProcessInitializeOnLoadMethodAttributes (26ms)
				AfterProcessingInitializeOnLoad (16ms)
				EditorAssembliesLoaded (0ms)
			ExecutionOrderSort2 (0ms)
			AwakeInstancesAfterBackupRestoration (7ms)
Platform modules already initialized, skipping
Refreshing native plugins compatible for Editor in 2.65 ms, found 3 plugins.
Preloading 0 native plugins for Editor in 0.00 ms.
Unloading 3383 Unused Serialized files (Serialized files now loaded: 0)
Unloading 20 unused Assets / (79.8 KB). Loaded Objects now: 3875.
Memory consumption went from 125.5 MB to 125.4 MB.
Total: 3.694000 ms (FindLiveObjects: 0.429800 ms CreateObjectMapping: 0.093500 ms MarkObjects: 2.920900 ms  DeleteObjects: 0.248300 ms)

AssetImportParameters requested are different than current active one (requested -> active):
  custom:video-decoder-ogg-theora: a1e56fd34408186e4bbccfd4996cb3dc -> 
  custom:container-muxer-webm: aa71ff27fc2769a1b78a27578f13a17b -> 
  custom:container-demuxer-webm: 4f35f7cbe854078d1ac9338744f61a02 -> 
  custom:video-encoder-webm-vp8: eb34c28f22e8b96e1ab97ce403110664 -> 
  custom:audio-encoder-webm-vorbis: bf7c407c2cedff20999df2af8eb42d56 -> 
  custom:framework-win-MediaFoundation: 216162199b28c13a410421893ffa2e32 -> 
  custom:container-demuxer-ogg: 62fdf1f143b41e24485cea50d1cbac27 -> 
  custom:video-decoder-webm-vp8: 9c59270c3fd7afecdb556c50c9e8de78 -> 
  custom:audio-decoder-ogg-vorbis: bf7c407c2cedff20999df2af8eb42d56 -> 
========================================================================
Received Prepare
Registering precompiled user dll's ...
Registered in 0.009861 seconds.
Begin MonoManager ReloadAssembly
Symbol file LoadedFromMemory doesn't match image C:\Users\KGA_28\Desktop\LDH\RM\Team_Left\Library\PackageCache\com.unity.visualscripting@1.7.8\Editor\VisualScripting.Core\Dependencies\YamlDotNet\Unity.VisualScripting.YamlDotNet.dll
Symbol file LoadedFromMemory doesn't match image C:\Users\KGA_28\Desktop\LDH\RM\Team_Left\Library\PackageCache\com.unity.visualscripting@1.7.8\Editor\VisualScripting.Core\Dependencies\DotNetZip\Unity.VisualScripting.IonicZip.dll
Native extension for UWP target not found
Native extension for WindowsStandalone target not found
Native extension for AppleTV target not found
Native extension for iOS target not found
Native extension for Android target not found
Native extension for WebGL target not found
Refreshing native plugins compatible for Editor in 0.61 ms, found 3 plugins.
Preloading 0 native plugins for Editor in 0.00 ms.
Mono: successfully reloaded assembly
- Completed reload, in  1.047 seconds
Domain Reload Profiling:
	ReloadAssembly (1048ms)
		BeginReloadAssembly (175ms)
			ExecutionOrderSort (0ms)
			DisableScriptedObjects (5ms)
			BackupInstance (0ms)
			ReleaseScriptingObjects (0ms)
			CreateAndSetChildDomain (43ms)
		EndReloadAssembly (771ms)
			LoadAssemblies (138ms)
			RebuildTransferFunctionScriptingTraits (0ms)
			SetupTypeCache (241ms)
			ReleaseScriptCaches (2ms)
			RebuildScriptCaches (35ms)
			SetupLoadedEditorAssemblies (341ms)
				LogAssemblyErrors (0ms)
				InitializePlatformSupportModulesInManaged (44ms)
				SetLoadedEditorAssemblies (0ms)
				RefreshPlugins (1ms)
				BeforeProcessingInitializeOnLoad (78ms)
				ProcessInitializeOnLoadAttributes (174ms)
				ProcessInitializeOnLoadMethodAttributes (27ms)
				AfterProcessingInitializeOnLoad (16ms)
				EditorAssembliesLoaded (0ms)
			ExecutionOrderSort2 (0ms)
			AwakeInstancesAfterBackupRestoration (7ms)
Platform modules already initialized, skipping
Refreshing native plugins compatible for Editor in 2.49 ms, found 3 plugins.
Preloading 0 native plugins for Editor in 0.00 ms.
Unloading 3383 Unused Serialized files (Serialized files now loaded: 0)
Unloading 20 unused Assets / (79.9 KB). Loaded Objects now: 3878.
Memory consumption went from 125.5 MB to 125.4 MB.
Total: 4.117800 ms (FindLiveObjects: 0.462400 ms CreateObjectMapping: 0.207600 ms MarkObjects: 3.313200 ms  DeleteObjects: 0.133300 ms)

AssetImportParameters requested are different than current active one (requested -> active):
  custom:video-decoder-ogg-theora: a1e56fd34408186e4bbccfd4996cb3dc -> 
  custom:container-muxer-webm: aa71ff27fc2769a1b78a27578f13a17b -> 
  custom:container-demuxer-webm: 4f35f7cbe854078d1ac9338744f61a02 -> 
  custom:video-encoder-webm-vp8: eb34c28f22e8b96e1ab97ce403110664 -> 
  custom:audio-encoder-webm-vorbis: bf7c407c2cedff20999df2af8eb42d56 -> 
  custom:framework-win-MediaFoundation: 216162199b28c13a410421893ffa2e32 -> 
  custom:container-demuxer-ogg: 62fdf1f143b41e24485cea50d1cbac27 -> 
  custom:video-decoder-webm-vp8: 9c59270c3fd7afecdb556c50c9e8de78 -> 
  custom:audio-decoder-ogg-vorbis: bf7c407c2cedff20999df2af8eb42d56 -> 
========================================================================
Received Import Request.
  Time since last request: 432.524873 seconds.
  path: Assets/02. Prefab/LDH/Monster 1.prefab
  artifactKey: Guid(eea7b2eb53286a54ab4e4fa170d77470) Importer(815301076,1909f56bfc062723c751e8b465ee728b)
Start importing Assets/02. Prefab/LDH/Monster 1.prefab using Guid(eea7b2eb53286a54ab4e4fa170d77470) Importer(815301076,1909f56bfc062723c751e8b465ee728b)  -> (artifact id: 'cb8c74c4b61c4320b4abaf5b2baffa2d') in 0.072001 seconds 
========================================================================
Received Import Request.
  Time since last request: 14.813649 seconds.
  path: Assets/02. Prefab/LDH/Monster 1.prefab
  artifactKey: Guid(eea7b2eb53286a54ab4e4fa170d77470) Importer(815301076,1909f56bfc062723c751e8b465ee728b)
Start importing Assets/02. Prefab/LDH/Monster 1.prefab using Guid(eea7b2eb53286a54ab4e4fa170d77470) Importer(815301076,1909f56bfc062723c751e8b465ee728b)  -> (artifact id: '27b5dada0f328fd43588720c17e90ac8') in 0.015997 seconds 
========================================================================
Received Import Request.
  Time since last request: 3.423140 seconds.
  path: Assets/02. Prefab/LDH/Monster 1.prefab
  artifactKey: Guid(eea7b2eb53286a54ab4e4fa170d77470) Importer(815301076,1909f56bfc062723c751e8b465ee728b)
Start importing Assets/02. Prefab/LDH/Monster 1.prefab using Guid(eea7b2eb53286a54ab4e4fa170d77470) Importer(815301076,1909f56bfc062723c751e8b465ee728b)  -> (artifact id: 'db58197c9de15d18637e4233a6513d21') in 0.015429 seconds 
========================================================================
Received Import Request.
  Time since last request: 3.008644 seconds.
  path: Assets/02. Prefab/LDH/Monster 1.prefab
  artifactKey: Guid(eea7b2eb53286a54ab4e4fa170d77470) Importer(815301076,1909f56bfc062723c751e8b465ee728b)
Start importing Assets/02. Prefab/LDH/Monster 1.prefab using Guid(eea7b2eb53286a54ab4e4fa170d77470) Importer(815301076,1909f56bfc062723c751e8b465ee728b)  -> (artifact id: 'cf2cefa7625b059b8ff7e0a6a09240d0') in 0.012826 seconds 
========================================================================
Received Import Request.
  Time since last request: 3.003564 seconds.
  path: Assets/02. Prefab/LDH/Monster 1.prefab
  artifactKey: Guid(eea7b2eb53286a54ab4e4fa170d77470) Importer(815301076,1909f56bfc062723c751e8b465ee728b)
Start importing Assets/02. Prefab/LDH/Monster 1.prefab using Guid(eea7b2eb53286a54ab4e4fa170d77470) Importer(815301076,1909f56bfc062723c751e8b465ee728b)  -> (artifact id: '174bb5e960c1d6649fe32c93239f1244') in 0.016551 seconds 
========================================================================
Received Import Request.
  Time since last request: 4.688210 seconds.
  path: Assets/02. Prefab/LDH/HpSlider.prefab
  artifactKey: Guid(d7f8d030b61b5134d8a8054007cc8b4e) Importer(815301076,1909f56bfc062723c751e8b465ee728b)
Start importing Assets/02. Prefab/LDH/HpSlider.prefab using Guid(d7f8d030b61b5134d8a8054007cc8b4e) Importer(815301076,1909f56bfc062723c751e8b465ee728b)  -> (artifact id: '9a8ba9d3b55837214c75c0b8516aa2d4') in 0.005240 seconds 
========================================================================
Received Import Request.
  Time since last request: 0.008721 seconds.
  path: Assets/02. Prefab/LDH/Monster 2.prefab
  artifactKey: Guid(aa2c3c53a24c1c74990c9b0160aea813) Importer(815301076,1909f56bfc062723c751e8b465ee728b)
Start importing Assets/02. Prefab/LDH/Monster 2.prefab using Guid(aa2c3c53a24c1c74990c9b0160aea813) Importer(815301076,1909f56bfc062723c751e8b465ee728b)  -> (artifact id: '02b24625e684ab05a2ef95869bd6c22f') in 0.018988 seconds 
========================================================================
Received Import Request.
  Time since last request: 0.000020 seconds.
  path: Assets/02. Prefab/LDH/Monster 6.prefab
  artifactKey: Guid(25372252eb1481c4a8891d5acd5d5571) Importer(815301076,1909f56bfc062723c751e8b465ee728b)
Start importing Assets/02. Prefab/LDH/Monster 6.prefab using Guid(25372252eb1481c4a8891d5acd5d5571) Importer(815301076,1909f56bfc062723c751e8b465ee728b)  -> (artifact id: 'c69cedb94b633fabbec6a1c82eff3a04') in 0.015271 seconds 
========================================================================
Received Import Request.
  Time since last request: 0.000022 seconds.
  path: Assets/02. Prefab/LDH/Monster 3.prefab
  artifactKey: Guid(b970409819e07cc41a74d816ead46d42) Importer(815301076,1909f56bfc062723c751e8b465ee728b)
Start importing Assets/02. Prefab/LDH/Monster 3.prefab using Guid(b970409819e07cc41a74d816ead46d42) Importer(815301076,1909f56bfc062723c751e8b465ee728b)  -> (artifact id: '7d83a43060400b79a7c68636c979a676') in 0.013495 seconds 
========================================================================
Received Import Request.
  Time since last request: 0.000030 seconds.
  path: Assets/02. Prefab/LDH/Monster 5.prefab
  artifactKey: Guid(02d5458426f9cec4787e009fe694fa7e) Importer(815301076,1909f56bfc062723c751e8b465ee728b)
Start importing Assets/02. Prefab/LDH/Monster 5.prefab using Guid(02d5458426f9cec4787e009fe694fa7e) Importer(815301076,1909f56bfc062723c751e8b465ee728b)  -> (artifact id: '5948429675ade1d4db2b2fd64e382317') in 0.013992 seconds 
========================================================================
Received Import Request.
  Time since last request: 14.705535 seconds.
  path: Assets/02. Prefab/LDH/HpSlider.prefab
  artifactKey: Guid(d7f8d030b61b5134d8a8054007cc8b4e) Importer(815301076,1909f56bfc062723c751e8b465ee728b)
Start importing Assets/02. Prefab/LDH/HpSlider.prefab using Guid(d7f8d030b61b5134d8a8054007cc8b4e) Importer(815301076,1909f56bfc062723c751e8b465ee728b)  -> (artifact id: '14e141b3e63deb3fad3b9ba97e1675a4') in 0.009035 seconds 
========================================================================
Received Import Request.
  Time since last request: 0.000027 seconds.
  path: Assets/02. Prefab/LDH/Monster 6.prefab
  artifactKey: Guid(25372252eb1481c4a8891d5acd5d5571) Importer(815301076,1909f56bfc062723c751e8b465ee728b)
Start importing Assets/02. Prefab/LDH/Monster 6.prefab using Guid(25372252eb1481c4a8891d5acd5d5571) Importer(815301076,1909f56bfc062723c751e8b465ee728b)  -> (artifact id: '04d92f4f92000bdb0edf7cd4eef63d45') in 0.013102 seconds 
========================================================================
Received Import Request.
  Time since last request: 0.000019 seconds.
  path: Assets/02. Prefab/LDH/Monster 5.prefab
  artifactKey: Guid(02d5458426f9cec4787e009fe694fa7e) Importer(815301076,1909f56bfc062723c751e8b465ee728b)
Start importing Assets/02. Prefab/LDH/Monster 5.prefab using Guid(02d5458426f9cec4787e009fe694fa7e) Importer(815301076,1909f56bfc062723c751e8b465ee728b)  -> (artifact id: '2bb7cbdb2c8d924317e613620d0b0e70') in 0.015130 seconds 
========================================================================
Received Import Request.
  Time since last request: 2.977053 seconds.
  path: Assets/02. Prefab/LDH/HpSlider.prefab
  artifactKey: Guid(d7f8d030b61b5134d8a8054007cc8b4e) Importer(815301076,1909f56bfc062723c751e8b465ee728b)
Start importing Assets/02. Prefab/LDH/HpSlider.prefab using Guid(d7f8d030b61b5134d8a8054007cc8b4e) Importer(815301076,1909f56bfc062723c751e8b465ee728b)  -> (artifact id: '5c55b90dfc1ed32457a6cbfd72586e8d') in 0.005182 seconds 
========================================================================
Received Import Request.
  Time since last request: 0.005238 seconds.
  path: Assets/02. Prefab/LDH/Monster 1.prefab
  artifactKey: Guid(eea7b2eb53286a54ab4e4fa170d77470) Importer(815301076,1909f56bfc062723c751e8b465ee728b)
Start importing Assets/02. Prefab/LDH/Monster 1.prefab using Guid(eea7b2eb53286a54ab4e4fa170d77470) Importer(815301076,1909f56bfc062723c751e8b465ee728b)  -> (artifact id: '62aab6b59035a375e0f13c998986b6dc') in 0.020687 seconds 
========================================================================
Received Import Request.
  Time since last request: 0.000018 seconds.
  path: Assets/02. Prefab/LDH/Monster 4.prefab
  artifactKey: Guid(f61abc9a040b4ab4e9cc258f7c93ee40) Importer(815301076,1909f56bfc062723c751e8b465ee728b)
Start importing Assets/02. Prefab/LDH/Monster 4.prefab using Guid(f61abc9a040b4ab4e9cc258f7c93ee40) Importer(815301076,1909f56bfc062723c751e8b465ee728b)  -> (artifact id: '75af4d50a9652986f7b08ce0bb431a60') in 0.015306 seconds 
========================================================================
Received Import Request.
  Time since last request: 17.358858 seconds.
  path: Assets/02. Prefab/LDH/HpSlider.prefab
  artifactKey: Guid(d7f8d030b61b5134d8a8054007cc8b4e) Importer(815301076,1909f56bfc062723c751e8b465ee728b)
Start importing Assets/02. Prefab/LDH/HpSlider.prefab using Guid(d7f8d030b61b5134d8a8054007cc8b4e) Importer(815301076,1909f56bfc062723c751e8b465ee728b)  -> (artifact id: 'a3e3da8628248edf747b924b8029b5ca') in 0.009151 seconds 
========================================================================
Received Import Request.
  Time since last request: 0.000025 seconds.
  path: Assets/02. Prefab/LDH/Monster 6.prefab
  artifactKey: Guid(25372252eb1481c4a8891d5acd5d5571) Importer(815301076,1909f56bfc062723c751e8b465ee728b)
Start importing Assets/02. Prefab/LDH/Monster 6.prefab using Guid(25372252eb1481c4a8891d5acd5d5571) Importer(815301076,1909f56bfc062723c751e8b465ee728b)  -> (artifact id: 'a63c0e6d99cc3fb2994ce030459ab9c0') in 0.012364 seconds 
========================================================================
Received Import Request.
  Time since last request: 0.000021 seconds.
  path: Assets/02. Prefab/LDH/Monster 4.prefab
  artifactKey: Guid(f61abc9a040b4ab4e9cc258f7c93ee40) Importer(815301076,1909f56bfc062723c751e8b465ee728b)
Start importing Assets/02. Prefab/LDH/Monster 4.prefab using Guid(f61abc9a040b4ab4e9cc258f7c93ee40) Importer(815301076,1909f56bfc062723c751e8b465ee728b)  -> (artifact id: '2d1bc20c4816708db9a5fdae5e7c87e0') in 0.013230 seconds 
========================================================================
Received Import Request.
  Time since last request: 7.001448 seconds.
  path: Assets/02. Prefab/LDH/HpSlider.prefab
  artifactKey: Guid(d7f8d030b61b5134d8a8054007cc8b4e) Importer(815301076,1909f56bfc062723c751e8b465ee728b)
Start importing Assets/02. Prefab/LDH/HpSlider.prefab using Guid(d7f8d030b61b5134d8a8054007cc8b4e) Importer(815301076,1909f56bfc062723c751e8b465ee728b)  -> (artifact id: 'e06cf7b71b7be5c41b477211c02e225e') in 0.007866 seconds 
========================================================================
Received Import Request.
  Time since last request: 0.000017 seconds.
  path: Assets/02. Prefab/LDH/Monster 6.prefab
  artifactKey: Guid(25372252eb1481c4a8891d5acd5d5571) Importer(815301076,1909f56bfc062723c751e8b465ee728b)
Start importing Assets/02. Prefab/LDH/Monster 6.prefab using Guid(25372252eb1481c4a8891d5acd5d5571) Importer(815301076,1909f56bfc062723c751e8b465ee728b)  -> (artifact id: '1281eec48229cd829d0450776eb4cbdb') in 0.014029 seconds 
========================================================================
Received Import Request.
  Time since last request: 0.000034 seconds.
  path: Assets/02. Prefab/LDH/Monster 4.prefab
  artifactKey: Guid(f61abc9a040b4ab4e9cc258f7c93ee40) Importer(815301076,1909f56bfc062723c751e8b465ee728b)
Start importing Assets/02. Prefab/LDH/Monster 4.prefab using Guid(f61abc9a040b4ab4e9cc258f7c93ee40) Importer(815301076,1909f56bfc062723c751e8b465ee728b)  -> (artifact id: '7f9209a24484a214763c88b0bd1db01d') in 0.012464 seconds 
========================================================================
Received Import Request.
  Time since last request: 17.296964 seconds.
  path: Assets/02. Prefab/LDH/Monster 1.prefab
  artifactKey: Guid(eea7b2eb53286a54ab4e4fa170d77470) Importer(815301076,1909f56bfc062723c751e8b465ee728b)
Start importing Assets/02. Prefab/LDH/Monster 1.prefab using Guid(eea7b2eb53286a54ab4e4fa170d77470) Importer(815301076,1909f56bfc062723c751e8b465ee728b)  -> (artifact id: 'e7bdf13d03618521425a8cd90bf243f7') in 0.016357 seconds 
========================================================================
Received Import Request.
  Time since last request: 79.956487 seconds.
  path: Assets/02. Prefab/LDH/Monster 1.prefab
  artifactKey: Guid(eea7b2eb53286a54ab4e4fa170d77470) Importer(815301076,1909f56bfc062723c751e8b465ee728b)
Start importing Assets/02. Prefab/LDH/Monster 1.prefab using Guid(eea7b2eb53286a54ab4e4fa170d77470) Importer(815301076,1909f56bfc062723c751e8b465ee728b)  -> (artifact id: 'ba4405ceedf09c6ebc1e4c4c26aae9cb') in 0.013418 seconds 
========================================================================
Received Import Request.
  Time since last request: 0.000021 seconds.
  path: Assets/02. Prefab/LDH/Monster 3.prefab
  artifactKey: Guid(b970409819e07cc41a74d816ead46d42) Importer(815301076,1909f56bfc062723c751e8b465ee728b)
Start importing Assets/02. Prefab/LDH/Monster 3.prefab using Guid(b970409819e07cc41a74d816ead46d42) Importer(815301076,1909f56bfc062723c751e8b465ee728b)  -> (artifact id: 'c599e708eb1ce189e6c67fe2e1dfb47f') in 0.017459 seconds 
========================================================================
Received Import Request.
  Time since last request: 0.000015 seconds.
  path: Assets/02. Prefab/LDH/Monster 4.prefab
  artifactKey: Guid(f61abc9a040b4ab4e9cc258f7c93ee40) Importer(815301076,1909f56bfc062723c751e8b465ee728b)
Start importing Assets/02. Prefab/LDH/Monster 4.prefab using Guid(f61abc9a040b4ab4e9cc258f7c93ee40) Importer(815301076,1909f56bfc062723c751e8b465ee728b)  -> (artifact id: '1e5985248f9aa52e90fe0ab8e9a26173') in 0.011879 seconds 
========================================================================
Received Import Request.
  Time since last request: 79.616506 seconds.
  path: Assets/02. Prefab/LDH/Monster 1.prefab
  artifactKey: Guid(eea7b2eb53286a54ab4e4fa170d77470) Importer(815301076,1909f56bfc062723c751e8b465ee728b)
Start importing Assets/02. Prefab/LDH/Monster 1.prefab using Guid(eea7b2eb53286a54ab4e4fa170d77470) Importer(815301076,1909f56bfc062723c751e8b465ee728b)  -> (artifact id: 'b617b46d2abd9782e7450ce09bb5c5fc') in 0.017094 seconds 
========================================================================
Received Import Request.
  Time since last request: 0.000022 seconds.
  path: Assets/02. Prefab/LDH/Monster 6.prefab
  artifactKey: Guid(25372252eb1481c4a8891d5acd5d5571) Importer(815301076,1909f56bfc062723c751e8b465ee728b)
Start importing Assets/02. Prefab/LDH/Monster 6.prefab using Guid(25372252eb1481c4a8891d5acd5d5571) Importer(815301076,1909f56bfc062723c751e8b465ee728b)  -> (artifact id: '4889b038db4d6f2c4bea1fb49a0763e8') in 0.021018 seconds 
========================================================================
Received Import Request.
  Time since last request: 0.000015 seconds.
  path: Assets/02. Prefab/LDH/Monster 3.prefab
  artifactKey: Guid(b970409819e07cc41a74d816ead46d42) Importer(815301076,1909f56bfc062723c751e8b465ee728b)
Start importing Assets/02. Prefab/LDH/Monster 3.prefab using Guid(b970409819e07cc41a74d816ead46d42) Importer(815301076,1909f56bfc062723c751e8b465ee728b)  -> (artifact id: '3ca32e601f84845d5bcf6f8035573e81') in 0.011497 seconds 
========================================================================
Received Import Request.
  Time since last request: 0.000018 seconds.
  path: Assets/02. Prefab/LDH/Monster 5.prefab
  artifactKey: Guid(02d5458426f9cec4787e009fe694fa7e) Importer(815301076,1909f56bfc062723c751e8b465ee728b)
Start importing Assets/02. Prefab/LDH/Monster 5.prefab using Guid(02d5458426f9cec4787e009fe694fa7e) Importer(815301076,1909f56bfc062723c751e8b465ee728b)  -> (artifact id: 'af290d41855671b6f085c2ed42f9fa35') in 0.011461 seconds 
========================================================================
Received Import Request.
  Time since last request: 0.000017 seconds.
  path: Assets/02. Prefab/LDH/Monster 4.prefab
  artifactKey: Guid(f61abc9a040b4ab4e9cc258f7c93ee40) Importer(815301076,1909f56bfc062723c751e8b465ee728b)
Start importing Assets/02. Prefab/LDH/Monster 4.prefab using Guid(f61abc9a040b4ab4e9cc258f7c93ee40) Importer(815301076,1909f56bfc062723c751e8b465ee728b)  -> (artifact id: 'd8f496ca1a49d65b8c39a833abe83c39') in 0.011584 seconds 
========================================================================
Received Prepare
Registering precompiled user dll's ...
Registered in 0.055909 seconds.
Begin MonoManager ReloadAssembly
Symbol file LoadedFromMemory doesn't match image C:\Users\KGA_28\Desktop\LDH\RM\Team_Left\Library\PackageCache\com.unity.visualscripting@1.7.8\Editor\VisualScripting.Core\Dependencies\YamlDotNet\Unity.VisualScripting.YamlDotNet.dll
Symbol file LoadedFromMemory doesn't match image C:\Users\KGA_28\Desktop\LDH\RM\Team_Left\Library\PackageCache\com.unity.visualscripting@1.7.8\Editor\VisualScripting.Core\Dependencies\DotNetZip\Unity.VisualScripting.IonicZip.dll
Native extension for UWP target not found
Native extension for WindowsStandalone target not found
Native extension for AppleTV target not found
Native extension for iOS target not found
Native extension for Android target not found
Native extension for WebGL target not found
Refreshing native plugins compatible for Editor in 0.62 ms, found 3 plugins.
Preloading 0 native plugins for Editor in 0.00 ms.
Mono: successfully reloaded assembly
- Completed reload, in  0.883 seconds
Domain Reload Profiling:
	ReloadAssembly (884ms)
		BeginReloadAssembly (151ms)
			ExecutionOrderSort (0ms)
			DisableScriptedObjects (5ms)
			BackupInstance (0ms)
			ReleaseScriptingObjects (0ms)
			CreateAndSetChildDomain (36ms)
		EndReloadAssembly (644ms)
			LoadAssemblies (117ms)
			RebuildTransferFunctionScriptingTraits (0ms)
			SetupTypeCache (197ms)
			ReleaseScriptCaches (1ms)
			RebuildScriptCaches (28ms)
			SetupLoadedEditorAssemblies (291ms)
				LogAssemblyErrors (0ms)
				InitializePlatformSupportModulesInManaged (39ms)
				SetLoadedEditorAssemblies (0ms)
				RefreshPlugins (1ms)
				BeforeProcessingInitializeOnLoad (68ms)
				ProcessInitializeOnLoadAttributes (146ms)
				ProcessInitializeOnLoadMethodAttributes (22ms)
				AfterProcessingInitializeOnLoad (14ms)
				EditorAssembliesLoaded (0ms)
			ExecutionOrderSort2 (0ms)
			AwakeInstancesAfterBackupRestoration (6ms)
Platform modules already initialized, skipping
Refreshing native plugins compatible for Editor in 2.24 ms, found 3 plugins.
Preloading 0 native plugins for Editor in 0.00 ms.
Unloading 3383 Unused Serialized files (Serialized files now loaded: 0)
Unloading 20 unused Assets / (79.9 KB). Loaded Objects now: 3881.
Memory consumption went from 125.7 MB to 125.6 MB.
Total: 2.409200 ms (FindLiveObjects: 0.208600 ms CreateObjectMapping: 0.079200 ms MarkObjects: 2.052500 ms  DeleteObjects: 0.067900 ms)

AssetImportParameters requested are different than current active one (requested -> active):
  custom:video-decoder-ogg-theora: a1e56fd34408186e4bbccfd4996cb3dc -> 
  custom:container-muxer-webm: aa71ff27fc2769a1b78a27578f13a17b -> 
  custom:container-demuxer-webm: 4f35f7cbe854078d1ac9338744f61a02 -> 
  custom:video-encoder-webm-vp8: eb34c28f22e8b96e1ab97ce403110664 -> 
  custom:audio-encoder-webm-vorbis: bf7c407c2cedff20999df2af8eb42d56 -> 
  custom:framework-win-MediaFoundation: 216162199b28c13a410421893ffa2e32 -> 
  custom:container-demuxer-ogg: 62fdf1f143b41e24485cea50d1cbac27 -> 
  custom:video-decoder-webm-vp8: 9c59270c3fd7afecdb556c50c9e8de78 -> 
  custom:audio-decoder-ogg-vorbis: bf7c407c2cedff20999df2af8eb42d56 -> 
Editor requested this worker to shutdown with reason: Scaling down because of idle timeout
AssetImportWorker is now disconnected from the server
Process exiting
Exiting without the bug reporter. Application will terminate with return code 0